<?xml version="1.0" encoding="UTF-8"?>
<robot generator="Robot 6.1.1 (Python 3.11.4 on win32)" generated="20231206 23:52:17.462" rpa="false" schemaversion="4">
<suite id="s1" name="Challenge portfolio kate2 robotframework" source="C:\Projects\Challenge_portfolio_kate2_robotframework">
<suite id="s1-s1" name="Robot Test" source="C:\Projects\Challenge_portfolio_kate2_robotframework\robot_test.robot">
<test id="s1-s1-t1" name="login to the system TC01" line="31">
<kw name="Open login page">
<kw name="Open Browser" library="SeleniumLibrary">
<arg>${LOGIN URL}</arg>
<arg>${BROWSER}</arg>
<doc>Opens a new browser instance to the optional ``url``.</doc>
<msg timestamp="20231206 23:52:17.826" level="INFO">Opening browser 'Chrome' to base url 'https://scouts-test.futbolkolektyw.pl/en'.</msg>
<status status="PASS" starttime="20231206 23:52:17.826" endtime="20231206 23:52:24.575"/>
</kw>
<kw name="Title Should Be" library="SeleniumLibrary">
<arg>Scouts panel - sign in</arg>
<doc>Verifies that the current page title equals ``title``.</doc>
<msg timestamp="20231206 23:52:27.198" level="INFO">Page title is 'Scouts panel - sign in'.</msg>
<status status="PASS" starttime="20231206 23:52:24.576" endtime="20231206 23:52:27.198"/>
</kw>
<status status="PASS" starttime="20231206 23:52:17.826" endtime="20231206 23:52:27.199"/>
</kw>
<kw name="Type in email">
<kw name="Input Text" library="SeleniumLibrary">
<arg>${EMAILINPUT}</arg>
<arg>user01@getnada.com</arg>
<doc>Types the given ``text`` into the text field identified by ``locator``.</doc>
<msg timestamp="20231206 23:52:27.201" level="INFO">Typing text 'user01@getnada.com' into text field 'xpath=//*[@id='login']'.</msg>
<status status="PASS" starttime="20231206 23:52:27.200" endtime="20231206 23:52:27.540"/>
</kw>
<status status="PASS" starttime="20231206 23:52:27.200" endtime="20231206 23:52:27.540"/>
</kw>
<kw name="Type in password">
<kw name="Input Text" library="SeleniumLibrary">
<arg>${PASSWORDINPUT}</arg>
<arg>Test-1234</arg>
<doc>Types the given ``text`` into the text field identified by ``locator``.</doc>
<msg timestamp="20231206 23:52:27.542" level="INFO">Typing text 'Test-1234' into text field 'xpath=//*[@id='password']'.</msg>
<status status="PASS" starttime="20231206 23:52:27.541" endtime="20231206 23:52:27.726"/>
</kw>
<status status="PASS" starttime="20231206 23:52:27.541" endtime="20231206 23:52:27.726"/>
</kw>
<kw name="Click on the Sign in button">
<kw name="Click Element" library="SeleniumLibrary">
<arg>${SIGNINBUTTON}</arg>
<doc>Click the element identified by ``locator``.</doc>
<msg timestamp="20231206 23:52:27.727" level="INFO">Clicking element 'xpath=//*[@type='submit']'.</msg>
<status status="PASS" starttime="20231206 23:52:27.727" endtime="20231206 23:52:27.832"/>
</kw>
<status status="PASS" starttime="20231206 23:52:27.726" endtime="20231206 23:52:27.833"/>
</kw>
<kw name="Assert Dashboard">
<kw name="Wait Until Element Is Visible" library="SeleniumLibrary">
<arg>${MAINPAGE}</arg>
<doc>Waits until the element ``locator`` is visible.</doc>
<status status="PASS" starttime="20231206 23:52:27.833" endtime="20231206 23:52:32.232"/>
</kw>
<kw name="Title Should Be" library="SeleniumLibrary">
<arg>Scouts panel</arg>
<doc>Verifies that the current page title equals ``title``.</doc>
<msg timestamp="20231206 23:52:32.240" level="INFO">Page title is 'Scouts panel'.</msg>
<status status="PASS" starttime="20231206 23:52:32.233" endtime="20231206 23:52:32.240"/>
</kw>
<kw name="Capture Page Screenshot" library="SeleniumLibrary">
<arg>alert.png</arg>
<doc>Takes a screenshot of the current page and embeds it into a log file.</doc>
<msg timestamp="20231206 23:52:32.448" level="INFO" html="true">&lt;/td&gt;&lt;/tr&gt;&lt;tr&gt;&lt;td colspan="3"&gt;&lt;a href="alert.png"&gt;&lt;img src="alert.png" width="800px"&gt;&lt;/a&gt;</msg>
<status status="PASS" starttime="20231206 23:52:32.240" endtime="20231206 23:52:32.448"/>
</kw>
<status status="PASS" starttime="20231206 23:52:27.833" endtime="20231206 23:52:32.448"/>
</kw>
<kw name="Close Browser" library="SeleniumLibrary" type="TEARDOWN">
<doc>Closes the current browser.</doc>
<status status="PASS" starttime="20231206 23:52:32.448" endtime="20231206 23:52:34.634"/>
</kw>
<status status="PASS" starttime="20231206 23:52:17.826" endtime="20231206 23:52:34.635"/>
</test>
<doc>Suite description #automated tests for scout website</doc>
<status status="PASS" starttime="20231206 23:52:17.497" endtime="20231206 23:52:34.639"/>
</suite>
<status status="PASS" starttime="20231206 23:52:17.464" endtime="20231206 23:52:34.646"/>
</suite>
<statistics>
<total>
<stat pass="1" fail="0" skip="0">All Tests</stat>
</total>
<tag>
</tag>
<suite>
<stat pass="1" fail="0" skip="0" id="s1" name="Challenge portfolio kate2 robotframework">Challenge portfolio kate2 robotframework</stat>
<stat pass="1" fail="0" skip="0" id="s1-s1" name="Robot Test">Challenge portfolio kate2 robotframework.Robot Test</stat>
</suite>
</statistics>
<errors>
</errors>
</robot>
